C51 COMPILER V9.60.0.0   2                                                                 03/28/2023 14:44:13 PAGE 1   


C51 COMPILER V9.60.0.0, COMPILATION OF MODULE 2
OBJECT MODULE PLACED IN .\Objects\2.obj
COMPILER INVOKED BY: D:\Asoftware\study\uV5\C51\BIN\C51.EXE 2.c OPTIMIZE(8,SPEED) BROWSE DEBUG OBJECTEXTEND PRINT(.\List
                    -ings\2.lst) TABS(2) OBJECT(.\Objects\2.obj)

line level    source

   1          #include<reg51.h>
   2          #include<math.h>
   3          
   4          #define LED P2  
   5          
   6          
   7          void delay(int x){
   8   1        int y;
   9   1        for(x;x>0;x--)
  10   1          for(y=0;y<100;y++);
  11   1      
  12   1      }
  13          // right
  14          void right(){
  15   1        int temp ;
  16   1        int i;
  17   1        //while(1){
  18   1          temp = 0x80;
  19   1          for(i = 0;i<8;i++){
  20   2          P2 = temp;
  21   2          delay(100);
  22   2          temp>>=1;
  23   2      //  }
  24   2        }
  25   1      }
  26          void left(){
  27   1        int temp ;
  28   1        int i;
  29   1        //while(1){
  30   1          temp = 0x01;
  31   1          for(i = 0;i<8;i++){
  32   2          P2 = temp;
  33   2          delay(100);
  34   2          temp<<=1;
  35   2        }
  36   1        //}
  37   1      }
  38          
  39          void ff2(){
  40   1        int temp[8] = {0x80,0x40,0x20,0x10,0x08,0x04,0x02,0x01};
  41   1        int i;
  42   1        while(1){
  43   2          for(i = 0;i<9;i++){
  44   3          P2 = temp[i];
  45   3          delay(100);
  46   3        }
  47   2        }
  48   1      }
  49          
  50          void main(){
  51   1        
  52   1        if(1);
  53   1        else;
  54   1        
C51 COMPILER V9.60.0.0   2                                                                 03/28/2023 14:44:13 PAGE 2   

  55   1        while(1){
  56   2          right();
  57   2          left();
  58   2        
  59   2        }
  60   1      
  61   1      }


MODULE INFORMATION:   STATIC OVERLAYABLE
   CODE SIZE        =    150    ----
   CONSTANT SIZE    =     16    ----
   XDATA SIZE       =   ----    ----
   PDATA SIZE       =   ----    ----
   DATA SIZE        =   ----      16
   IDATA SIZE       =   ----    ----
   BIT SIZE         =   ----    ----
END OF MODULE INFORMATION.


C51 COMPILATION COMPLETE.  0 WARNING(S),  0 ERROR(S)
