C51 COMPILER V9.60.0.0   1                                                                 03/30/2023 22:21:18 PAGE 1   


C51 COMPILER V9.60.0.0, COMPILATION OF MODULE 1
OBJECT MODULE PLACED IN .\Objects\1.obj
COMPILER INVOKED BY: D:\Asoftware\study\uV5\C51\BIN\C51.EXE 1.c OPTIMIZE(8,SPEED) BROWSE DEBUG OBJECTEXTEND PRINT(.\List
                    -ings\1.lst) TABS(2) OBJECT(.\Objects\1.obj)

line level    source

   1          #include<reg51.h>
   2          
   3          sbit but = P1^7;
   4          
   5          // 延时函数
   6          void delay(int x){
   7   1        int i,j;
   8   1        for(i=x;i>0;i--)
   9   1          for(j=200;j>0;j--);
  10   1        
  11   1      }
  12          
  13          void main(){
  14   1          int temp = 0x00;
  15   1          P2 = temp;
  16   1        while(1){
  17   2          if(temp > 0xff) temp = 0x00;
  18   2            if(but == 0){
  19   3            // 按键消抖
  20   3            delay(20);
  21   3            if(but == 0){
  22   4              temp +=1;
  23   4              // 等待按键抬起
  24   4              while(but == 0);
  25   4              P2 = temp;
  26   4            }
  27   3        
  28   3          }
  29   2        } 
  30   1      }


MODULE INFORMATION:   STATIC OVERLAYABLE
   CODE SIZE        =     76    ----
   CONSTANT SIZE    =   ----    ----
   XDATA SIZE       =   ----    ----
   PDATA SIZE       =   ----    ----
   DATA SIZE        =   ----    ----
   IDATA SIZE       =   ----    ----
   BIT SIZE         =   ----    ----
END OF MODULE INFORMATION.


C51 COMPILATION COMPLETE.  0 WARNING(S),  0 ERROR(S)
