C51 COMPILER V9.60.0.0   2                                                                 05/06/2023 11:41:16 PAGE 1   


C51 COMPILER V9.60.0.0, COMPILATION OF MODULE 2
OBJECT MODULE PLACED IN .\Objects\2.obj
COMPILER INVOKED BY: D:\Asoftware\study\uV5\C51\BIN\C51.EXE 2.c OPTIMIZE(8,SPEED) BROWSE DEBUG OBJECTEXTEND PRINT(.\List
                    -ings\2.lst) TABS(2) OBJECT(.\Objects\2.obj)

line level    source

   1          #include<reg51.h>
   2          #include<math.h>
   3          
   4          #define LED P2  
   5          int temp = 1,a=0;
   6          
   7          void time_init(void){
   8   1        TMOD=0x01;
   9   1        TH0=(65536-20000)/256;
  10   1        TL0=(65536-20000)%256;
  11   1        ET0=1;
  12   1        EA=1;
  13   1        TR0=1;
  14   1      }
  15          
  16          
  17          void pao(){
  18   1        P2 = temp;
  19   1      }
  20          
  21          
  22          
  23          void main(){
  24   1        time_init();
  25   1        while(1){
  26   2          pao();
  27   2        }
  28   1      }
  29          void T0_time() interrupt 1{
  30   1      //  TR0=0;
  31   1        TH0=(65536-20000)/256;
  32   1        TL0=(65536-20000)%256;
  33   1      //  TR0=1;
  34   1        a++;
  35   1        if(a==50){
  36   2          a=0;
  37   2          temp<<=1;
  38   2          if(temp>0x80)
  39   2            temp=1;
  40   2        }
  41   1      }


MODULE INFORMATION:   STATIC OVERLAYABLE
   CODE SIZE        =     91    ----
   CONSTANT SIZE    =   ----    ----
   XDATA SIZE       =   ----    ----
   PDATA SIZE       =   ----    ----
   DATA SIZE        =      4    ----
   IDATA SIZE       =   ----    ----
   BIT SIZE         =   ----    ----
END OF MODULE INFORMATION.


C51 COMPILATION COMPLETE.  0 WARNING(S),  0 ERROR(S)
