C51 COMPILER V9.60.0.0   11                                                                03/08/2023 19:58:08 PAGE 1   


C51 COMPILER V9.60.0.0, COMPILATION OF MODULE 11
OBJECT MODULE PLACED IN .\Objects\11.obj
COMPILER INVOKED BY: D:\Asoftware\study\uV5\C51\BIN\C51.EXE 11.c OPTIMIZE(8,SPEED) BROWSE DEBUG OBJECTEXTEND PRINT(.\Lis
                    -tings\11.lst) TABS(2) OBJECT(.\Objects\11.obj)

line level    source

   1          #include<reg51.h>
   2          sbit p1_8 = P1^7;
   3          void main(){
   4   1      
   5   1        p1_8=0;
   6   1        while(1);
   7   1      
   8   1      }


MODULE INFORMATION:   STATIC OVERLAYABLE
   CODE SIZE        =      4    ----
   CONSTANT SIZE    =   ----    ----
   XDATA SIZE       =   ----    ----
   PDATA SIZE       =   ----    ----
   DATA SIZE        =   ----    ----
   IDATA SIZE       =   ----    ----
   BIT SIZE         =   ----    ----
END OF MODULE INFORMATION.


C51 COMPILATION COMPLETE.  0 WARNING(S),  0 ERROR(S)
