C51 COMPILER V9.60.0.0   1                                                                 03/30/2023 23:00:29 PAGE 1   


C51 COMPILER V9.60.0.0, COMPILATION OF MODULE 1
OBJECT MODULE PLACED IN .\Objects\1.obj
COMPILER INVOKED BY: D:\Asoftware\study\uV5\C51\BIN\C51.EXE 1.c ROM(COMPACT) OPTIMIZE(8,SPEED) BROWSE DEBUG OBJECTEXTEND
                    - PRINT(.\Listings\1.lst) TABS(2) OBJECT(.\Objects\1.obj)

line level    source

   1          #include<reg51.h>
   2          //#include<math.h>
   3          
   4          sbit SW7 = P1^4;
   5          
   6          void delay(int x){
   7   1        int y;
   8   1        for(x;x>0;x--)
   9   1          for(y=0;y<100;y++);
  10   1      
  11   1      }
  12          // right
  13          int right(int temp){
  14   1          P2 = temp;
  15   1          delay(300);
  16   1          temp>>=1;
  17   1          if(temp < 0x01) temp = 0x80;
  18   1          return temp;
  19   1          
  20   1      
  21   1      }
  22          int left(int temp){
  23   1          P2 = temp;
  24   1          delay(300);
  25   1          temp<<=1;
  26   1          //if(temp > 0x80) temp = 0x01;
  27   1          return temp;
  28   1      
  29   1      }
  30          
  31          void main(){
  32   1        unsigned int temp;
  33   1        // P2M1 = 0x00;
  34   1        // P2M0 = 0xff;
  35   1        temp = 0x80;
  36   1      
  37   1        while(1){
  38   2          if(SW7 == 1){
  39   3          temp=right(temp);
  40   3          }else{
  41   3          temp=left(temp);
  42   3          }
  43   2        }
  44   1      }


MODULE INFORMATION:   STATIC OVERLAYABLE
   CODE SIZE        =    103    ----
   CONSTANT SIZE    =   ----    ----
   XDATA SIZE       =   ----    ----
   PDATA SIZE       =   ----    ----
   DATA SIZE        =   ----    ----
   IDATA SIZE       =   ----    ----
   BIT SIZE         =   ----    ----
C51 COMPILER V9.60.0.0   1                                                                 03/30/2023 23:00:29 PAGE 2   

END OF MODULE INFORMATION.


C51 COMPILATION COMPLETE.  0 WARNING(S),  0 ERROR(S)
