C51 COMPILER V9.60.0.0   3                                                                 03/28/2023 13:17:25 PAGE 1   


C51 COMPILER V9.60.0.0, COMPILATION OF MODULE 3
OBJECT MODULE PLACED IN .\Objects\3.obj
COMPILER INVOKED BY: D:\Asoftware\study\uV5\C51\BIN\C51.EXE 3.c ROM(COMPACT) OPTIMIZE(8,SPEED) BROWSE DEBUG OBJECTEXTEND
                    - PRINT(.\Listings\3.lst) TABS(2) OBJECT(.\Objects\3.obj)

line level    source

   1          #include<reg51.h>
   2          //#include<math.h>
   3          
   4          sbit SW7 = P1^4;
   5          
   6          void delay(int x){
   7   1        int y;
   8   1        for(x;x>0;x--)
   9   1          for(y=0;y<100;y++);
  10   1      
  11   1      }
  12          // right
  13          void right(int* temp){
  14   1          P2 = *temp;
  15   1          delay(300);
  16   1          *temp>>=1;
  17   1          if(*temp < 0x01) *temp = 0x80;
  18   1      
  19   1      }
  20          void left(int* temp){
  21   1          P2 = *temp;
  22   1          delay(300);
  23   1          *temp<<=1;
  24   1          if(*temp> 0x80) *temp = 0x01;
  25   1      
  26   1      }
  27          
  28          void main(){
  29   1        unsigned int temp;
  30   1        // P2M1 = 0x00;
  31   1        // P2M0 = 0xff;
  32   1        temp = 0x80;
  33   1        while(1){
  34   2          if(SW7 == 1){
  35   3          right(&temp);
*** WARNING C182 IN LINE 35 OF 3.c: pointer to different objects
  36   3          }else{
  37   3          left(&temp);
*** WARNING C182 IN LINE 37 OF 3.c: pointer to different objects
  38   3          }
  39   2        }
  40   1      }


MODULE INFORMATION:   STATIC OVERLAYABLE
   CODE SIZE        =    192    ----
   CONSTANT SIZE    =   ----    ----
   XDATA SIZE       =   ----    ----
   PDATA SIZE       =   ----    ----
   DATA SIZE        =   ----       8
   IDATA SIZE       =   ----    ----
   BIT SIZE         =   ----    ----
END OF MODULE INFORMATION.


C51 COMPILATION COMPLETE.  2 WARNING(S),  0 ERROR(S)
